#
# A fatal error has been detected by the Java Runtime Environment:
#
#  EXCEPTION_ACCESS_VIOLATION (0xc0000005) at pc=0x00007ffb5bb6fe72, pid=13412, tid=20768
#
# JRE version: Java(TM) SE Runtime Environment 18.9 (11.0.7+8) (build 11.0.7+8-LTS)
# Java VM: Java HotSpot(TM) 64-Bit Server VM 18.9 (11.0.7+8-LTS, mixed mode, tiered, compressed oops, g1 gc, windows-amd64)
# Problematic frame:
# C  [ig9icd64.dll+0x14fe72]
#
# No core dump will be written. Minidumps are not enabled by default on client versions of Windows
#
# If you would like to submit a bug report, please visit:
#   https://bugreport.java.com/bugreport/crash.jsp
# The crash happened outside the Java Virtual Machine in native code.
# See problematic frame for where to report the bug.
#

---------------  S U M M A R Y ------------

Command Line: -Dfile.encoding=windows-1252 -Duser.country=CA -Duser.language=en -Duser.variant com.badlogic.gdx.desktop.DesktopLauncher

Host: Intel(R) Core(TM) i5-8265U CPU @ 1.60GHz, 8 cores, 7G,  Windows 10 , 64 bit Build 19041 (10.0.19041.662)
Time: Wed Feb  3 08:47:57 2021 Pacific Standard Time elapsed time: 2 seconds (0d 0h 0m 2s)

---------------  T H R E A D  ---------------

Current thread (0x000002567fd11000):  JavaThread "LWJGL Application" [_thread_in_native, id=20768, stack(0x00000096faa00000,0x00000096fab00000)]

Stack: [0x00000096faa00000,0x00000096fab00000],  sp=0x00000096faafe7d8,  free space=1017k
Native frames: (J=compiled Java code, j=interpreted, Vv=VM code, C=native code)
C  [ig9icd64.dll+0x14fe72]

Java frames: (J=compiled Java code, j=interpreted, Vv=VM code)
j  org.lwjgl.opengl.GL11.nglDrawElements(IIIJJ)V+0
j  org.lwjgl.opengl.GL11.glDrawElements(ILjava/nio/ShortBuffer;)V+34
j  com.badlogic.gdx.backends.lwjgl.LwjglGL20.glDrawElements(IIILjava/nio/Buffer;)V+21
j  com.badlogic.gdx.graphics.Mesh.render(Lcom/badlogic/gdx/graphics/glutils/ShaderProgram;IIIZ)V+88
J 703 c1 com.badlogic.gdx.graphics.g2d.SpriteBatch.flush()V (193 bytes) @ 0x00000256006cbd14 [0x00000256006ca2a0+0x0000000000001a74]
J 717 c1 com.badlogic.gdx.graphics.g2d.SpriteBatch.draw(Lcom/badlogic/gdx/graphics/Texture;FFFF)V (279 bytes) @ 0x00000256006d2dd4 [0x00000256006d2b80+0x0000000000000254]
j  com.badlogic.gdx.GameScreen.render(F)V+174
j  com.badlogic.gdx.Game.render()V+19
j  com.badlogic.gdx.MiniGolf.render()V+1
j  com.badlogic.gdx.backends.lwjgl.LwjglApplication.mainLoop()V+776
j  com.badlogic.gdx.backends.lwjgl.LwjglApplication$1.run()V+27
v  ~StubRoutines::call_stub

siginfo: EXCEPTION_ACCESS_VIOLATION (0xc0000005), reading address 0x000002561210b1f0


Register to memory mapping:

RIP=0x00007ffb5bb6fe72 ig9icd64.dll
RAX=0xfffffffffffffff8 is an unknown value
RBX=0x000000000000ffff is an unknown value
RCX=0x0000000000000001 is an unknown value
RDX=0x000002561210b1f0 is an unknown value
RSP=0x00000096faafe7d8 is pointing into the stack for thread: 0x000002567fd11000
RBP=0x0000000000060000 is an unknown value
RSI=0x00000096faafe898 is pointing into the stack for thread: 0x000002567fd11000
RDI=0x0 is NULL
R8 =0x0000000000000018 is an unknown value
R9 =0x0 is NULL
R10=0x0000025613880c18 points into unknown readable memory: 00 00 00 00 00 00 00 00
R11=0x0000000000000004 is an unknown value
R12=0x0000000000000018 is an unknown value
R13={method} {0x0000025618af7da8} 'nglDrawElements' '(IIIJJ)V' in 'org/lwjgl/opengl/GL11'
R14=0x0000025617624630 points into unknown readable memory: 18 0c 88 13 56 02 00 00
R15=0x000002567fdae270 points into unknown readable memory: f0 b1 10 12 56 02 00 00


Registers:
RAX=0xfffffffffffffff8, RBX=0x000000000000ffff, RCX=0x0000000000000001, RDX=0x000002561210b1f0
RSP=0x00000096faafe7d8, RBP=0x0000000000060000, RSI=0x00000096faafe898, RDI=0x0000000000000000
R8 =0x0000000000000018, R9 =0x0000000000000000, R10=0x0000025613880c18, R11=0x0000000000000004
R12=0x0000000000000018, R13=0x0000025618af7da0, R14=0x0000025617624630, R15=0x000002567fdae270
RIP=0x00007ffb5bb6fe72, EFLAGS=0x0000000000010213

Top of Stack: (sp=0x00000096faafe7d8)
0x00000096faafe7d8:   00007ffb5bb1ab88 0000025613880c18
0x00000096faafe7e8:   000002567fd83980 0000000000000006
0x00000096faafe7f8:   ffffffffffffffff 00000096faafe820
0x00000096faafe808:   0000443ad71a5e23 0000000000000000
0x00000096faafe818:   001605c25bfd0004 0000000000000001
0x00000096faafe828:   00007ffb5be3be2b 0000000000000004
0x00000096faafe838:   0000000000000000 0000000000000004
0x00000096faafe848:   0000000000000004 0000000000001403
0x00000096faafe858:   0000000000000001 000002567fd83980
0x00000096faafe868:   000000000000000c 000002567fd83980
0x00000096faafe878:   00007ffb5be37600 000002567e910bd0
0x00000096faafe888:   000002567f542aa0 000002567fd11000
0x00000096faafe898:   000002567eed5ed0 0000000000000000
0x00000096faafe8a8:   0000000000000004 000000000000000c
0x00000096faafe8b8:   00007ffb5bc259bd 0000000000000000
0x00000096faafe8c8:   000002567ea80640 0000000000000000 

Instructions: (pc=0x00007ffb5bb6fe72)
0x00007ffb5bb6fe52:   ea c8 66 0f ee d0 48 83 e9 01 75 c2 49 83 fb 08
0x00007ffb5bb6fe62:   72 31 49 8b cb 48 c1 e9 03 48 6b c1 f8 4c 03 d8
0x00007ffb5bb6fe72:   f3 0f 6f 02 48 83 c2 10 f3 41 0f 7f 02 49 83 c2
0x00007ffb5bb6fe82:   10 66 0f f9 c3 66 0f ea c8 66 0f ee d0 48 83 e9 


Stack slot to memory mapping:
stack at sp + 0 slots: 0x00007ffb5bb1ab88 ig9icd64.dll
stack at sp + 1 slots: 0x0000025613880c18 points into unknown readable memory: 00 00 00 00 00 00 00 00
stack at sp + 2 slots: 0x000002567fd83980 points into unknown readable memory: 00 e1 d3 7f 56 02 00 00
stack at sp + 3 slots: 0x0000000000000006 is an unknown value
stack at sp + 4 slots: 0xffffffffffffffff is an unknown value
stack at sp + 5 slots: 0x00000096faafe820 is pointing into the stack for thread: 0x000002567fd11000
stack at sp + 6 slots: 0x0000443ad71a5e23 is an unknown value
stack at sp + 7 slots: 0x0 is NULL


---------------  P R O C E S S  ---------------

Threads class SMR info:
_java_thread_list=0x00000256176141e0, length=12, elements={
0x000002567ea4f000, 0x000002567ea50800, 0x000002567ea6a800, 0x000002567ea6b800,
0x000002567ea6f800, 0x000002567ea73000, 0x000002567ea74000, 0x000002567f542000,
0x000002567f557000, 0x000002567fd11000, 0x000002566ee99800, 0x0000025617651000
}

Java Threads: ( => current thread )
  0x000002567ea4f000 JavaThread "Reference Handler" daemon [_thread_blocked, id=11852, stack(0x00000096f9c00000,0x00000096f9d00000)]
  0x000002567ea50800 JavaThread "Finalizer" daemon [_thread_blocked, id=6268, stack(0x00000096f9d00000,0x00000096f9e00000)]
  0x000002567ea6a800 JavaThread "Signal Dispatcher" daemon [_thread_blocked, id=14092, stack(0x00000096f9e00000,0x00000096f9f00000)]
  0x000002567ea6b800 JavaThread "Attach Listener" daemon [_thread_blocked, id=9532, stack(0x00000096f9f00000,0x00000096fa000000)]
  0x000002567ea6f800 JavaThread "C2 CompilerThread0" daemon [_thread_blocked, id=16008, stack(0x00000096fa000000,0x00000096fa100000)]
  0x000002567ea73000 JavaThread "C1 CompilerThread0" daemon [_thread_blocked, id=6308, stack(0x00000096fa100000,0x00000096fa200000)]
  0x000002567ea74000 JavaThread "Sweeper thread" daemon [_thread_blocked, id=11188, stack(0x00000096fa200000,0x00000096fa300000)]
  0x000002567f542000 JavaThread "Service Thread" daemon [_thread_blocked, id=22164, stack(0x00000096fa300000,0x00000096fa400000)]
  0x000002567f557000 JavaThread "Common-Cleaner" daemon [_thread_blocked, id=16756, stack(0x00000096fa500000,0x00000096fa600000)]
=>0x000002567fd11000 JavaThread "LWJGL Application" [_thread_in_native, id=20768, stack(0x00000096faa00000,0x00000096fab00000)]
  0x000002566ee99800 JavaThread "DestroyJavaVM" [_thread_blocked, id=21548, stack(0x00000096f9500000,0x00000096f9600000)]
  0x0000025617651000 JavaThread "LWJGL Timer" daemon [_thread_blocked, id=20720, stack(0x00000096faf00000,0x00000096fb000000)]

Other Threads:
  0x000002567ea4d800 VMThread "VM Thread" [stack: 0x00000096f9b00000,0x00000096f9c00000] [id=21720]
  0x000002567f558000 WatcherThread [stack: 0x00000096fa400000,0x00000096fa500000] [id=4240]
  0x000002566eeb0000 GCTaskThread "GC Thread#0" [stack: 0x00000096f9600000,0x00000096f9700000] [id=11508]
  0x000002566eedc000 ConcurrentGCThread "G1 Main Marker" [stack: 0x00000096f9700000,0x00000096f9800000] [id=21036]
  0x000002566eede000 ConcurrentGCThread "G1 Conc#0" [stack: 0x00000096f9800000,0x00000096f9900000] [id=21136]
  0x000002566ef70800 ConcurrentGCThread "G1 Refine#0" [stack: 0x00000096f9900000,0x00000096f9a00000] [id=14684]
  0x000002566ef71800 ConcurrentGCThread "G1 Young RemSet Sampling" [stack: 0x00000096f9a00000,0x00000096f9b00000] [id=9132]

Threads with active compile tasks:

VM state:not at safepoint (normal execution)

VM Mutex/Monitor currently owned by a thread: None

Heap address: 0x0000000082e00000, size: 2002 MB, Compressed Oops mode: 32-bit
Narrow klass base: 0x0000000000000000, Narrow klass shift: 3
Compressed class space size: 1073741824 Address: 0x0000000100000000

Heap:
 garbage-first heap   total 129024K, used 11264K [0x0000000082e00000, 0x0000000100000000)
  region size 1024K, 11 young (11264K), 0 survivors (0K)
 Metaspace       used 10239K, capacity 10374K, committed 10624K, reserved 1058816K
  class space    used 829K, capacity 867K, committed 896K, reserved 1048576K
Heap Regions: E=young(eden), S=young(survivor), O=old, HS=humongous(starts), HC=humongous(continues), CS=collection set, F=free, A=archive, TAMS=top-at-mark-start (previous, next)
|   0|0x0000000082e00000, 0x0000000082f00000, 0x0000000082f00000|100%|HS|  |TAMS 0x0000000082e00000, 0x0000000082e00000| Complete 
|   1|0x0000000082f00000, 0x0000000083000000, 0x0000000083000000|100%|HC|  |TAMS 0x0000000082f00000, 0x0000000082f00000| Complete 
|   2|0x0000000083000000, 0x0000000083000000, 0x0000000083100000|  0%| F|  |TAMS 0x0000000083000000, 0x0000000083000000| Untracked 
|   3|0x0000000083100000, 0x0000000083100000, 0x0000000083200000|  0%| F|  |TAMS 0x0000000083100000, 0x0000000083100000| Untracked 
|   4|0x0000000083200000, 0x0000000083200000, 0x0000000083300000|  0%| F|  |TAMS 0x0000000083200000, 0x0000000083200000| Untracked 
|   5|0x0000000083300000, 0x0000000083300000, 0x0000000083400000|  0%| F|  |TAMS 0x0000000083300000, 0x0000000083300000| Untracked 
|   6|0x0000000083400000, 0x0000000083400000, 0x0000000083500000|  0%| F|  |TAMS 0x0000000083400000, 0x0000000083400000| Untracked 
|   7|0x0000000083500000, 0x0000000083500000, 0x0000000083600000|  0%| F|  |TAMS 0x0000000083500000, 0x0000000083500000| Untracked 
|   8|0x0000000083600000, 0x0000000083600000, 0x0000000083700000|  0%| F|  |TAMS 0x0000000083600000, 0x0000000083600000| Untracked 
|   9|0x0000000083700000, 0x0000000083700000, 0x0000000083800000|  0%| F|  |TAMS 0x0000000083700000, 0x0000000083700000| Untracked 
|  10|0x0000000083800000, 0x0000000083800000, 0x0000000083900000|  0%| F|  |TAMS 0x0000000083800000, 0x0000000083800000| Untracked 
|  11|0x0000000083900000, 0x0000000083900000, 0x0000000083a00000|  0%| F|  |TAMS 0x0000000083900000, 0x0000000083900000| Untracked 
|  12|0x0000000083a00000, 0x0000000083a00000, 0x0000000083b00000|  0%| F|  |TAMS 0x0000000083a00000, 0x0000000083a00000| Untracked 
|  13|0x0000000083b00000, 0x0000000083b00000, 0x0000000083c00000|  0%| F|  |TAMS 0x0000000083b00000, 0x0000000083b00000| Untracked 
|  14|0x0000000083c00000, 0x0000000083c00000, 0x0000000083d00000|  0%| F|  |TAMS 0x0000000083c00000, 0x0000000083c00000| Untracked 
|  15|0x0000000083d00000, 0x0000000083d00000, 0x0000000083e00000|  0%| F|  |TAMS 0x0000000083d00000, 0x0000000083d00000| Untracked 
|  16|0x0000000083e00000, 0x0000000083e00000, 0x0000000083f00000|  0%| F|  |TAMS 0x0000000083e00000, 0x0000000083e00000| Untracked 
|  17|0x0000000083f00000, 0x0000000083f00000, 0x0000000084000000|  0%| F|  |TAMS 0x0000000083f00000, 0x0000000083f00000| Untracked 
|  18|0x0000000084000000, 0x0000000084000000, 0x0000000084100000|  0%| F|  |TAMS 0x0000000084000000, 0x0000000084000000| Untracked 
|  19|0x0000000084100000, 0x0000000084100000, 0x0000000084200000|  0%| F|  |TAMS 0x0000000084100000, 0x0000000084100000| Untracked 
|  20|0x0000000084200000, 0x0000000084200000, 0x0000000084300000|  0%| F|  |TAMS 0x0000000084200000, 0x0000000084200000| Untracked 
|  21|0x0000000084300000, 0x0000000084300000, 0x0000000084400000|  0%| F|  |TAMS 0x0000000084300000, 0x0000000084300000| Untracked 
|  22|0x0000000084400000, 0x0000000084400000, 0x0000000084500000|  0%| F|  |TAMS 0x0000000084400000, 0x0000000084400000| Untracked 
|  23|0x0000000084500000, 0x0000000084500000, 0x0000000084600000|  0%| F|  |TAMS 0x0000000084500000, 0x0000000084500000| Untracked 
|  24|0x0000000084600000, 0x0000000084600000, 0x0000000084700000|  0%| F|  |TAMS 0x0000000084600000, 0x0000000084600000| Untracked 
|  25|0x0000000084700000, 0x0000000084700000, 0x0000000084800000|  0%| F|  |TAMS 0x0000000084700000, 0x0000000084700000| Untracked 
|  26|0x0000000084800000, 0x0000000084800000, 0x0000000084900000|  0%| F|  |TAMS 0x0000000084800000, 0x0000000084800000| Untracked 
|  27|0x0000000084900000, 0x0000000084900000, 0x0000000084a00000|  0%| F|  |TAMS 0x0000000084900000, 0x0000000084900000| Untracked 
|  28|0x0000000084a00000, 0x0000000084a00000, 0x0000000084b00000|  0%| F|  |TAMS 0x0000000084a00000, 0x0000000084a00000| Untracked 
|  29|0x0000000084b00000, 0x0000000084b00000, 0x0000000084c00000|  0%| F|  |TAMS 0x0000000084b00000, 0x0000000084b00000| Untracked 
|  30|0x0000000084c00000, 0x0000000084c00000, 0x0000000084d00000|  0%| F|  |TAMS 0x0000000084c00000, 0x0000000084c00000| Untracked 
|  31|0x0000000084d00000, 0x0000000084d00000, 0x0000000084e00000|  0%| F|  |TAMS 0x0000000084d00000, 0x0000000084d00000| Untracked 
|  32|0x0000000084e00000, 0x0000000084e00000, 0x0000000084f00000|  0%| F|  |TAMS 0x0000000084e00000, 0x0000000084e00000| Untracked 
|  33|0x0000000084f00000, 0x0000000084f00000, 0x0000000085000000|  0%| F|  |TAMS 0x0000000084f00000, 0x0000000084f00000| Untracked 
|  34|0x0000000085000000, 0x0000000085000000, 0x0000000085100000|  0%| F|  |TAMS 0x0000000085000000, 0x0000000085000000| Untracked 
|  35|0x0000000085100000, 0x0000000085100000, 0x0000000085200000|  0%| F|  |TAMS 0x0000000085100000, 0x0000000085100000| Untracked 
|  36|0x0000000085200000, 0x0000000085200000, 0x0000000085300000|  0%| F|  |TAMS 0x0000000085200000, 0x0000000085200000| Untracked 
|  37|0x0000000085300000, 0x0000000085300000, 0x0000000085400000|  0%| F|  |TAMS 0x0000000085300000, 0x0000000085300000| Untracked 
|  38|0x0000000085400000, 0x0000000085400000, 0x0000000085500000|  0%| F|  |TAMS 0x0000000085400000, 0x0000000085400000| Untracked 
|  39|0x0000000085500000, 0x0000000085500000, 0x0000000085600000|  0%| F|  |TAMS 0x0000000085500000, 0x0000000085500000| Untracked 
|  40|0x0000000085600000, 0x0000000085600000, 0x0000000085700000|  0%| F|  |TAMS 0x0000000085600000, 0x0000000085600000| Untracked 
|  41|0x0000000085700000, 0x0000000085700000, 0x0000000085800000|  0%| F|  |TAMS 0x0000000085700000, 0x0000000085700000| Untracked 
|  42|0x0000000085800000, 0x0000000085800000, 0x0000000085900000|  0%| F|  |TAMS 0x0000000085800000, 0x0000000085800000| Untracked 
|  43|0x0000000085900000, 0x0000000085900000, 0x0000000085a00000|  0%| F|  |TAMS 0x0000000085900000, 0x0000000085900000| Untracked 
|  44|0x0000000085a00000, 0x0000000085a00000, 0x0000000085b00000|  0%| F|  |TAMS 0x0000000085a00000, 0x0000000085a00000| Untracked 
|  45|0x0000000085b00000, 0x0000000085b00000, 0x0000000085c00000|  0%| F|  |TAMS 0x0000000085b00000, 0x0000000085b00000| Untracked 
|  46|0x0000000085c00000, 0x0000000085c00000, 0x0000000085d00000|  0%| F|  |TAMS 0x0000000085c00000, 0x0000000085c00000| Untracked 
|  47|0x0000000085d00000, 0x0000000085d00000, 0x0000000085e00000|  0%| F|  |TAMS 0x0000000085d00000, 0x0000000085d00000| Untracked 
|  48|0x0000000085e00000, 0x0000000085e00000, 0x0000000085f00000|  0%| F|  |TAMS 0x0000000085e00000, 0x0000000085e00000| Untracked 
|  49|0x0000000085f00000, 0x0000000085f00000, 0x0000000086000000|  0%| F|  |TAMS 0x0000000085f00000, 0x0000000085f00000| Untracked 
|  50|0x0000000086000000, 0x0000000086000000, 0x0000000086100000|  0%| F|  |TAMS 0x0000000086000000, 0x0000000086000000| Untracked 
|  51|0x0000000086100000, 0x0000000086100000, 0x0000000086200000|  0%| F|  |TAMS 0x0000000086100000, 0x0000000086100000| Untracked 
|  52|0x0000000086200000, 0x0000000086200000, 0x0000000086300000|  0%| F|  |TAMS 0x0000000086200000, 0x0000000086200000| Untracked 
|  53|0x0000000086300000, 0x0000000086300000, 0x0000000086400000|  0%| F|  |TAMS 0x0000000086300000, 0x0000000086300000| Untracked 
|  54|0x0000000086400000, 0x0000000086400000, 0x0000000086500000|  0%| F|  |TAMS 0x0000000086400000, 0x0000000086400000| Untracked 
|  55|0x0000000086500000, 0x0000000086500000, 0x0000000086600000|  0%| F|  |TAMS 0x0000000086500000, 0x0000000086500000| Untracked 
|  56|0x0000000086600000, 0x0000000086600000, 0x0000000086700000|  0%| F|  |TAMS 0x0000000086600000, 0x0000000086600000| Untracked 
|  57|0x0000000086700000, 0x0000000086700000, 0x0000000086800000|  0%| F|  |TAMS 0x0000000086700000, 0x0000000086700000| Untracked 
|  58|0x0000000086800000, 0x0000000086800000, 0x0000000086900000|  0%| F|  |TAMS 0x0000000086800000, 0x0000000086800000| Untracked 
|  59|0x0000000086900000, 0x0000000086900000, 0x0000000086a00000|  0%| F|  |TAMS 0x0000000086900000, 0x0000000086900000| Untracked 
|  60|0x0000000086a00000, 0x0000000086a00000, 0x0000000086b00000|  0%| F|  |TAMS 0x0000000086a00000, 0x0000000086a00000| Untracked 
|  61|0x0000000086b00000, 0x0000000086b00000, 0x0000000086c00000|  0%| F|  |TAMS 0x0000000086b00000, 0x0000000086b00000| Untracked 
|  62|0x0000000086c00000, 0x0000000086c00000, 0x0000000086d00000|  0%| F|  |TAMS 0x0000000086c00000, 0x0000000086c00000| Untracked 
|  63|0x0000000086d00000, 0x0000000086d00000, 0x0000000086e00000|  0%| F|  |TAMS 0x0000000086d00000, 0x0000000086d00000| Untracked 
|  64|0x0000000086e00000, 0x0000000086e00000, 0x0000000086f00000|  0%| F|  |TAMS 0x0000000086e00000, 0x0000000086e00000| Untracked 
|  65|0x0000000086f00000, 0x0000000086f00000, 0x0000000087000000|  0%| F|  |TAMS 0x0000000086f00000, 0x0000000086f00000| Untracked 
|  66|0x0000000087000000, 0x0000000087000000, 0x0000000087100000|  0%| F|  |TAMS 0x0000000087000000, 0x0000000087000000| Untracked 
|  67|0x0000000087100000, 0x0000000087100000, 0x0000000087200000|  0%| F|  |TAMS 0x0000000087100000, 0x0000000087100000| Untracked 
|  68|0x0000000087200000, 0x0000000087200000, 0x0000000087300000|  0%| F|  |TAMS 0x0000000087200000, 0x0000000087200000| Untracked 
|  69|0x0000000087300000, 0x0000000087300000, 0x0000000087400000|  0%| F|  |TAMS 0x0000000087300000, 0x0000000087300000| Untracked 
|  70|0x0000000087400000, 0x0000000087400000, 0x0000000087500000|  0%| F|  |TAMS 0x0000000087400000, 0x0000000087400000| Untracked 
|  71|0x0000000087500000, 0x0000000087500000, 0x0000000087600000|  0%| F|  |TAMS 0x0000000087500000, 0x0000000087500000| Untracked 
|  72|0x0000000087600000, 0x0000000087600000, 0x0000000087700000|  0%| F|  |TAMS 0x0000000087600000, 0x0000000087600000| Untracked 
|  73|0x0000000087700000, 0x0000000087700000, 0x0000000087800000|  0%| F|  |TAMS 0x0000000087700000, 0x0000000087700000| Untracked 
|  74|0x0000000087800000, 0x0000000087800000, 0x0000000087900000|  0%| F|  |TAMS 0x0000000087800000, 0x0000000087800000| Untracked 
|  75|0x0000000087900000, 0x0000000087900000, 0x0000000087a00000|  0%| F|  |TAMS 0x0000000087900000, 0x0000000087900000| Untracked 
|  76|0x0000000087a00000, 0x0000000087a00000, 0x0000000087b00000|  0%| F|  |TAMS 0x0000000087a00000, 0x0000000087a00000| Untracked 
|  77|0x0000000087b00000, 0x0000000087b00000, 0x0000000087c00000|  0%| F|  |TAMS 0x0000000087b00000, 0x0000000087b00000| Untracked 
|  78|0x0000000087c00000, 0x0000000087c00000, 0x0000000087d00000|  0%| F|  |TAMS 0x0000000087c00000, 0x0000000087c00000| Untracked 
|  79|0x0000000087d00000, 0x0000000087d00000, 0x0000000087e00000|  0%| F|  |TAMS 0x0000000087d00000, 0x0000000087d00000| Untracked 
|  80|0x0000000087e00000, 0x0000000087e00000, 0x0000000087f00000|  0%| F|  |TAMS 0x0000000087e00000, 0x0000000087e00000| Untracked 
|  81|0x0000000087f00000, 0x0000000087f00000, 0x0000000088000000|  0%| F|  |TAMS 0x0000000087f00000, 0x0000000087f00000| Untracked 
|  82|0x0000000088000000, 0x0000000088000000, 0x0000000088100000|  0%| F|  |TAMS 0x0000000088000000, 0x0000000088000000| Untracked 
|  83|0x0000000088100000, 0x0000000088100000, 0x0000000088200000|  0%| F|  |TAMS 0x0000000088100000, 0x0000000088100000| Untracked 
|  84|0x0000000088200000, 0x0000000088200000, 0x0000000088300000|  0%| F|  |TAMS 0x0000000088200000, 0x0000000088200000| Untracked 
|  85|0x0000000088300000, 0x0000000088300000, 0x0000000088400000|  0%| F|  |TAMS 0x0000000088300000, 0x0000000088300000| Untracked 
|  86|0x0000000088400000, 0x0000000088400000, 0x0000000088500000|  0%| F|  |TAMS 0x0000000088400000, 0x0000000088400000| Untracked 
|  87|0x0000000088500000, 0x0000000088500000, 0x0000000088600000|  0%| F|  |TAMS 0x0000000088500000, 0x0000000088500000| Untracked 
|  88|0x0000000088600000, 0x0000000088600000, 0x0000000088700000|  0%| F|  |TAMS 0x0000000088600000, 0x0000000088600000| Untracked 
|  89|0x0000000088700000, 0x0000000088700000, 0x0000000088800000|  0%| F|  |TAMS 0x0000000088700000, 0x0000000088700000| Untracked 
|  90|0x0000000088800000, 0x0000000088800000, 0x0000000088900000|  0%| F|  |TAMS 0x0000000088800000, 0x0000000088800000| Untracked 
|  91|0x0000000088900000, 0x0000000088900000, 0x0000000088a00000|  0%| F|  |TAMS 0x0000000088900000, 0x0000000088900000| Untracked 
|  92|0x0000000088a00000, 0x0000000088a00000, 0x0000000088b00000|  0%| F|  |TAMS 0x0000000088a00000, 0x0000000088a00000| Untracked 
|  93|0x0000000088b00000, 0x0000000088b00000, 0x0000000088c00000|  0%| F|  |TAMS 0x0000000088b00000, 0x0000000088b00000| Untracked 
|  94|0x0000000088c00000, 0x0000000088c00000, 0x0000000088d00000|  0%| F|  |TAMS 0x0000000088c00000, 0x0000000088c00000| Untracked 
|  95|0x0000000088d00000, 0x0000000088d00000, 0x0000000088e00000|  0%| F|  |TAMS 0x0000000088d00000, 0x0000000088d00000| Untracked 
|  96|0x0000000088e00000, 0x0000000088e00000, 0x0000000088f00000|  0%| F|  |TAMS 0x0000000088e00000, 0x0000000088e00000| Untracked 
|  97|0x0000000088f00000, 0x0000000088f00000, 0x0000000089000000|  0%| F|  |TAMS 0x0000000088f00000, 0x0000000088f00000| Untracked 
|  98|0x0000000089000000, 0x0000000089000000, 0x0000000089100000|  0%| F|  |TAMS 0x0000000089000000, 0x0000000089000000| Untracked 
|  99|0x0000000089100000, 0x0000000089100000, 0x0000000089200000|  0%| F|  |TAMS 0x0000000089100000, 0x0000000089100000| Untracked 
| 100|0x0000000089200000, 0x0000000089200000, 0x0000000089300000|  0%| F|  |TAMS 0x0000000089200000, 0x0000000089200000| Untracked 
| 101|0x0000000089300000, 0x0000000089300000, 0x0000000089400000|  0%| F|  |TAMS 0x0000000089300000, 0x0000000089300000| Untracked 
| 102|0x0000000089400000, 0x0000000089400000, 0x0000000089500000|  0%| F|  |TAMS 0x0000000089400000, 0x0000000089400000| Untracked 
| 103|0x0000000089500000, 0x0000000089500000, 0x0000000089600000|  0%| F|  |TAMS 0x0000000089500000, 0x0000000089500000| Untracked 
| 104|0x0000000089600000, 0x0000000089600000, 0x0000000089700000|  0%| F|  |TAMS 0x0000000089600000, 0x0000000089600000| Untracked 
| 105|0x0000000089700000, 0x0000000089700000, 0x0000000089800000|  0%| F|  |TAMS 0x0000000089700000, 0x0000000089700000| Untracked 
| 106|0x0000000089800000, 0x0000000089800000, 0x0000000089900000|  0%| F|  |TAMS 0x0000000089800000, 0x0000000089800000| Untracked 
| 107|0x0000000089900000, 0x0000000089900000, 0x0000000089a00000|  0%| F|  |TAMS 0x0000000089900000, 0x0000000089900000| Untracked 
| 108|0x0000000089a00000, 0x0000000089a00000, 0x0000000089b00000|  0%| F|  |TAMS 0x0000000089a00000, 0x0000000089a00000| Untracked 
| 109|0x0000000089b00000, 0x0000000089b00000, 0x0000000089c00000|  0%| F|  |TAMS 0x0000000089b00000, 0x0000000089b00000| Untracked 
| 110|0x0000000089c00000, 0x0000000089c00000, 0x0000000089d00000|  0%| F|  |TAMS 0x0000000089c00000, 0x0000000089c00000| Untracked 
| 111|0x0000000089d00000, 0x0000000089d00000, 0x0000000089e00000|  0%| F|  |TAMS 0x0000000089d00000, 0x0000000089d00000| Untracked 
| 112|0x0000000089e00000, 0x0000000089e00000, 0x0000000089f00000|  0%| F|  |TAMS 0x0000000089e00000, 0x0000000089e00000| Untracked 
| 113|0x0000000089f00000, 0x0000000089f00000, 0x000000008a000000|  0%| F|  |TAMS 0x0000000089f00000, 0x0000000089f00000| Untracked 
| 114|0x000000008a000000, 0x000000008a000000, 0x000000008a100000|  0%| F|  |TAMS 0x000000008a000000, 0x000000008a000000| Untracked 
| 115|0x000000008a100000, 0x000000008a1f4c88, 0x000000008a200000| 95%| E|  |TAMS 0x000000008a100000, 0x000000008a100000| Complete 
| 116|0x000000008a200000, 0x000000008a300000, 0x000000008a300000|100%| E|CS|TAMS 0x000000008a200000, 0x000000008a200000| Complete 
| 117|0x000000008a300000, 0x000000008a400000, 0x000000008a400000|100%| E|CS|TAMS 0x000000008a300000, 0x000000008a300000| Complete 
| 118|0x000000008a400000, 0x000000008a500000, 0x000000008a500000|100%| E|CS|TAMS 0x000000008a400000, 0x000000008a400000| Complete 
| 119|0x000000008a500000, 0x000000008a600000, 0x000000008a600000|100%| E|CS|TAMS 0x000000008a500000, 0x000000008a500000| Complete 
| 120|0x000000008a600000, 0x000000008a700000, 0x000000008a700000|100%| E|  |TAMS 0x000000008a600000, 0x000000008a600000| Complete 
| 121|0x000000008a700000, 0x000000008a800000, 0x000000008a800000|100%| E|CS|TAMS 0x000000008a700000, 0x000000008a700000| Complete 
| 122|0x000000008a800000, 0x000000008a900000, 0x000000008a900000|100%| E|CS|TAMS 0x000000008a800000, 0x000000008a800000| Complete 
| 123|0x000000008a900000, 0x000000008aa00000, 0x000000008aa00000|100%| E|CS|TAMS 0x000000008a900000, 0x000000008a900000| Complete 
| 124|0x000000008aa00000, 0x000000008ab00000, 0x000000008ab00000|100%| E|CS|TAMS 0x000000008aa00000, 0x000000008aa00000| Complete 
| 125|0x000000008ab00000, 0x000000008ac00000, 0x000000008ac00000|100%| E|CS|TAMS 0x000000008ab00000, 0x000000008ab00000| Complete 

Card table byte_map: [0x0000025679900000,0x0000025679cf0000] _byte_map_base: 0x00000256794e9000

Marking Bits (Prev, Next): (CMBitMap*) 0x000002566ed2e7b8, (CMBitMap*) 0x000002566ed2e7f0
 Prev Bits: [0x000002567a0e0000, 0x000002567c028000)
 Next Bits: [0x000002567c030000, 0x000002567df78000)

Polling page: 0x000002566ef80000

Metaspace:

Usage:
  Non-class:      9.28 MB capacity,     9.19 MB ( 99%) used,    89.17 KB ( <1%) free+waste,     7.75 KB ( <1%) overhead. 
      Class:    867.00 KB capacity,   829.88 KB ( 96%) used,    34.50 KB (  4%) free+waste,     2.63 KB ( <1%) overhead. 
       Both:     10.13 MB capacity,    10.00 MB ( 99%) used,   123.67 KB (  1%) free+waste,    10.38 KB ( <1%) overhead. 

Virtual space:
  Non-class space:       10.00 MB reserved,       9.50 MB ( 95%) committed 
      Class space:        1.00 GB reserved,     896.00 KB ( <1%) committed 
             Both:        1.01 GB reserved,      10.38 MB (  1%) committed 

Chunk freelists:
   Non-Class:  11.63 KB
       Class:  3.63 KB
        Both:  15.25 KB

CodeHeap 'non-profiled nmethods': size=120000Kb used=187Kb max_used=187Kb free=119812Kb
 bounds [0x0000025607ad0000, 0x0000025607d40000, 0x000002560f000000]
CodeHeap 'profiled nmethods': size=120000Kb used=1275Kb max_used=1275Kb free=118725Kb
 bounds [0x00000256005a0000, 0x0000025600810000, 0x0000025607ad0000]
CodeHeap 'non-nmethods': size=5760Kb used=1157Kb max_used=1169Kb free=4602Kb
 bounds [0x0000025600000000, 0x0000025600270000, 0x00000256005a0000]
 total_blobs=1438 nmethods=741 adapters=418
 compilation: enabled
              stopped_count=0, restarted_count=0
 full_count=0

Compilation events (10 events):
Event: 2.491 Thread 0x000002567ea73000  737       3       java.io.ByteArrayOutputStream::ensureCapacity (16 bytes)
Event: 2.491 Thread 0x000002567ea73000 nmethod 737 0x00000256006dd310 code [0x00000256006dd4c0, 0x00000256006dd690]
Event: 2.532 Thread 0x000002567ea73000  738       3       java.util.zip.ZipUtils::LOCNAM (7 bytes)
Event: 2.532 Thread 0x000002567ea73000 nmethod 738 0x00000256006dd790 code [0x00000256006dd940, 0x00000256006ddb38]
Event: 2.532 Thread 0x000002567ea73000  739       3       java.util.zip.ZipUtils::LOCEXT (7 bytes)
Event: 2.532 Thread 0x000002567ea73000 nmethod 739 0x00000256006ddc90 code [0x00000256006dde40, 0x00000256006de038]
Event: 2.533 Thread 0x000002567ea73000  740       3       jdk.internal.ref.PhantomCleanable::clean (16 bytes)
Event: 2.533 Thread 0x000002567ea73000 nmethod 740 0x00000256006de190 code [0x00000256006de360, 0x00000256006de680]
Event: 2.533 Thread 0x000002567ea73000  741       3       jdk.internal.ref.CleanerImpl$PhantomCleanableRef::performCleanup (10 bytes)
Event: 2.533 Thread 0x000002567ea73000 nmethod 741 0x00000256006de790 code [0x00000256006de940, 0x00000256006deb70]

GC Heap History (0 events):
No events

Deoptimization events (2 events):
Event: 0.098 Thread 0x000002566ee99800 Uncommon trap: reason=unstable_if action=reinterpret pc=0x0000025607ad4d90 method=java.lang.String.hashCode()I @ 14 c2
Event: 0.101 Thread 0x000002566ee99800 Uncommon trap: reason=unstable_if action=reinterpret pc=0x0000025607ad1110 method=java.lang.String.isLatin1()Z @ 10 c2

Classes redefined (0 events):
No events

Internal exceptions (9 events):
Event: 0.223 Thread 0x000002566ee99800 Exception <a 'java/lang/NoSuchMethodError'{0x000000008a832110}: java.lang.invoke.DirectMethodHandle$Holder.invokeStaticInit(Ljava/lang/Object;IIII)Ljava/lang/Object;> (0x000000008a832110) thrown at [./open/src/hotspot/share/interpreter/linkResolver.cpp, l
Event: 0.374 Thread 0x000002566ee99800 Exception <a 'java/lang/NoSuchMethodError'{0x000000008a85c540}: java.lang.invoke.DirectMethodHandle$Holder.invokeStaticInit(Ljava/lang/Object;Ljava/lang/Object;IIII)Ljava/lang/Object;> (0x000000008a85c540) thrown at [./open/src/hotspot/share/interpreter/l
Event: 0.407 Thread 0x000002566ee99800 Exception <a 'java/security/PrivilegedActionException'{0x000000008a8ed978}> (0x000000008a8ed978) thrown at [./open/src/hotspot/share/prims/jvm.cpp, line 1296]
Event: 0.407 Thread 0x000002566ee99800 Exception <a 'java/security/PrivilegedActionException'{0x000000008a8f0158}> (0x000000008a8f0158) thrown at [./open/src/hotspot/share/prims/jvm.cpp, line 1296]
Event: 0.407 Thread 0x000002566ee99800 Exception <a 'java/security/PrivilegedActionException'{0x000000008a8f1110}> (0x000000008a8f1110) thrown at [./open/src/hotspot/share/prims/jvm.cpp, line 1296]
Event: 0.409 Thread 0x000002566ee99800 Exception <a 'java/security/PrivilegedActionException'{0x000000008a702c98}> (0x000000008a702c98) thrown at [./open/src/hotspot/share/prims/jvm.cpp, line 1296]
Event: 0.409 Thread 0x000002566ee99800 Exception <a 'java/security/PrivilegedActionException'{0x000000008a703858}> (0x000000008a703858) thrown at [./open/src/hotspot/share/prims/jvm.cpp, line 1296]
Event: 0.409 Thread 0x000002566ee99800 Exception <a 'java/security/PrivilegedActionException'{0x000000008a7043d8}> (0x000000008a7043d8) thrown at [./open/src/hotspot/share/prims/jvm.cpp, line 1296]
Event: 0.950 Thread 0x000002567fd11000 Exception <a 'java/lang/NoSuchMethodError'{0x000000008a3d3f38}: java.lang.invoke.DirectMethodHandle$Holder.invokeSpecialIFC(Ljava/lang/Object;Ljava/lang/Object;I)I> (0x000000008a3d3f38) thrown at [./open/src/hotspot/share/interpreter/linkResolver.cpp, lin

Events (10 events):
Event: 2.444 loading class com/badlogic/gdx/GameScreen
Event: 2.444 loading class com/badlogic/gdx/GameScreen done
Event: 2.532 loading class com/badlogic/gdx/utils/Collections
Event: 2.532 loading class com/badlogic/gdx/utils/Collections done
Event: 2.532 loading class com/badlogic/gdx/utils/Array$ArrayIterable
Event: 2.532 loading class com/badlogic/gdx/utils/Array$ArrayIterable done
Event: 2.533 loading class com/badlogic/gdx/utils/Array$ArrayIterator
Event: 2.533 loading class com/badlogic/gdx/utils/Array$ArrayIterator done
Event: 2.533 loading class java/util/NoSuchElementException
Event: 2.533 loading class java/util/NoSuchElementException done


Dynamic libraries:
0x00007ff775120000 - 0x00007ff775167000 	C:\Program Files\Java\jdk-11.0.7\bin\java.exe
0x00007ffbae2f0000 - 0x00007ffbae4e6000 	C:\WINDOWS\SYSTEM32\ntdll.dll
0x00007ffbada40000 - 0x00007ffbadafd000 	C:\WINDOWS\System32\KERNEL32.DLL
0x00007ffbabdf0000 - 0x00007ffbac0b9000 	C:\WINDOWS\System32\KERNELBASE.dll
0x00007ffbacb80000 - 0x00007ffbacc2c000 	C:\WINDOWS\System32\ADVAPI32.dll
0x00007ffbacae0000 - 0x00007ffbacb7e000 	C:\WINDOWS\System32\msvcrt.dll
0x00007ffbadb80000 - 0x00007ffbadc1c000 	C:\WINDOWS\System32\sechost.dll
0x00007ffbae180000 - 0x00007ffbae2ab000 	C:\WINDOWS\System32\RPCRT4.dll
0x00007ffbad8a0000 - 0x00007ffbada40000 	C:\WINDOWS\System32\USER32.dll
0x00007ffbabb40000 - 0x00007ffbabb62000 	C:\WINDOWS\System32\win32u.dll
0x00007ffbadd90000 - 0x00007ffbaddba000 	C:\WINDOWS\System32\GDI32.dll
0x00007ffbaba30000 - 0x00007ffbabb3b000 	C:\WINDOWS\System32\gdi32full.dll
0x00007ffbabcd0000 - 0x00007ffbabd6d000 	C:\WINDOWS\System32\msvcp_win.dll
0x00007ffbac0c0000 - 0x00007ffbac1c0000 	C:\WINDOWS\System32\ucrtbase.dll
0x00007ffb95d60000 - 0x00007ffb95ffb000 	C:\WINDOWS\WinSxS\amd64_microsoft.windows.common-controls_6595b64144ccf1df_6.0.19041.746_none_ca02b4b61b8320a4\COMCTL32.dll
0x00007ffba0440000 - 0x00007ffba044a000 	C:\WINDOWS\SYSTEM32\VERSION.dll
0x00007ffbadcb0000 - 0x00007ffbadce0000 	C:\WINDOWS\System32\IMM32.DLL
0x00007ffba0c80000 - 0x00007ffba0c96000 	C:\Program Files\Java\jdk-11.0.7\bin\vcruntime140.dll
0x00007ffb66450000 - 0x00007ffb664fa000 	C:\Program Files\Java\jdk-11.0.7\bin\msvcp140.dll
0x00007ffb5c990000 - 0x00007ffb5d4f1000 	C:\Program Files\Java\jdk-11.0.7\bin\server\jvm.dll
0x00007ffbadc20000 - 0x00007ffbadc28000 	C:\WINDOWS\System32\PSAPI.DLL
0x00007ffba2610000 - 0x00007ffba2619000 	C:\WINDOWS\SYSTEM32\WSOCK32.dll
0x00007ffb8b3e0000 - 0x00007ffb8b407000 	C:\WINDOWS\SYSTEM32\WINMM.dll
0x00007ffbac440000 - 0x00007ffbac4ab000 	C:\WINDOWS\System32\WS2_32.dll
0x00007ffbaa310000 - 0x00007ffbaa322000 	C:\WINDOWS\SYSTEM32\kernel.appcore.dll
0x00007ffba0c60000 - 0x00007ffba0c71000 	C:\Program Files\Java\jdk-11.0.7\bin\verify.dll
0x00007ffbaa020000 - 0x00007ffbaa204000 	C:\WINDOWS\SYSTEM32\DBGHELP.DLL
0x00007ffb990b0000 - 0x00007ffb990dc000 	C:\WINDOWS\SYSTEM32\dbgcore.DLL
0x00007ffbabd70000 - 0x00007ffbabdf0000 	C:\WINDOWS\System32\bcryptPrimitives.dll
0x00007ffba0bc0000 - 0x00007ffba0be9000 	C:\Program Files\Java\jdk-11.0.7\bin\java.dll
0x00007ffba2710000 - 0x00007ffba271a000 	C:\Program Files\Java\jdk-11.0.7\bin\jimage.dll
0x00007ffba0c40000 - 0x00007ffba0c56000 	C:\Program Files\Java\jdk-11.0.7\bin\zip.dll
0x00007ffbacee0000 - 0x00007ffbad623000 	C:\WINDOWS\System32\SHELL32.dll
0x00007ffba97d0000 - 0x00007ffba9f5f000 	C:\WINDOWS\SYSTEM32\windows.storage.dll
0x00007ffbaddc0000 - 0x00007ffbae116000 	C:\WINDOWS\System32\combase.dll
0x00007ffbab490000 - 0x00007ffbab4bc000 	C:\WINDOWS\SYSTEM32\Wldp.dll
0x00007ffbad7f0000 - 0x00007ffbad89e000 	C:\WINDOWS\System32\SHCORE.dll
0x00007ffbadb20000 - 0x00007ffbadb75000 	C:\WINDOWS\System32\shlwapi.dll
0x00007ffbab960000 - 0x00007ffbab986000 	C:\WINDOWS\SYSTEM32\profapi.dll
0x00007ffba0ba0000 - 0x00007ffba0bb9000 	C:\Program Files\Java\jdk-11.0.7\bin\net.dll
0x00007ffb9f060000 - 0x00007ffb9f160000 	C:\WINDOWS\SYSTEM32\WINHTTP.dll
0x00007ffbab210000 - 0x00007ffbab27a000 	C:\WINDOWS\system32\mswsock.dll
0x00007ffba0680000 - 0x00007ffba0693000 	C:\Program Files\Java\jdk-11.0.7\bin\nio.dll
0x0000000065ac0000 - 0x0000000065aea000 	C:\Users\Thomas Hart\AppData\Local\Temp\libgdxThomas Hart\d6a9e29c\gdx64.dll
0x00007ffbab3e0000 - 0x00007ffbab3f8000 	C:\WINDOWS\SYSTEM32\CRYPTSP.dll
0x00007ffbaab40000 - 0x00007ffbaab74000 	C:\WINDOWS\system32\rsaenh.dll
0x00007ffbac220000 - 0x00007ffbac247000 	C:\WINDOWS\System32\bcrypt.dll
0x00007ffbab8e0000 - 0x00007ffbab90e000 	C:\WINDOWS\SYSTEM32\USERENV.dll
0x00007ffbab400000 - 0x00007ffbab40c000 	C:\WINDOWS\SYSTEM32\CRYPTBASE.dll
0x00007ffbaaeb0000 - 0x00007ffbaaeeb000 	C:\WINDOWS\SYSTEM32\IPHLPAPI.DLL
0x00007ffbac4b0000 - 0x00007ffbac4b8000 	C:\WINDOWS\System32\NSI.dll
0x00007ffb9fe70000 - 0x00007ffb9fe87000 	C:\WINDOWS\SYSTEM32\dhcpcsvc6.DLL
0x00007ffba02a0000 - 0x00007ffba02bd000 	C:\WINDOWS\SYSTEM32\dhcpcsvc.DLL
0x00007ffbaaef0000 - 0x00007ffbaafbb000 	C:\WINDOWS\SYSTEM32\DNSAPI.dll
0x0000000180000000 - 0x0000000180053000 	C:\Users\Thomas Hart\AppData\Local\Temp\libgdxThomas Hart\1cecf4f6\lwjgl64.dll
0x00007ffb72810000 - 0x00007ffb72935000 	C:\WINDOWS\SYSTEM32\OPENGL32.dll
0x00007ffb72a30000 - 0x00007ffb72a5c000 	C:\WINDOWS\SYSTEM32\GLU32.dll
0x0000025611380000 - 0x00000256113e4000 	C:\Users\THOMAS~1\AppData\Local\Temp\libgdxThomas Hart\1cecf4f6\OpenAL64.dll
0x00007ffbacc30000 - 0x00007ffbacd5a000 	C:\WINDOWS\System32\ole32.dll
0x00007ffba5770000 - 0x00007ffba580e000 	C:\WINDOWS\system32\uxtheme.dll
0x00007ffbadce0000 - 0x00007ffbadd89000 	C:\WINDOWS\System32\clbcatq.dll
0x00007ffb661f0000 - 0x00007ffb6628c000 	C:\WINDOWS\SYSTEM32\dsound.dll
0x00007ffbaafc0000 - 0x00007ffbab00b000 	C:\WINDOWS\SYSTEM32\powrprof.dll
0x00007ffb9bbb0000 - 0x00007ffb9bbd6000 	C:\WINDOWS\SYSTEM32\winmmbase.dll
0x00007ffbaae90000 - 0x00007ffbaaea2000 	C:\WINDOWS\SYSTEM32\UMPDC.dll
0x00007ffba05f0000 - 0x00007ffba0675000 	C:\WINDOWS\System32\MMDevApi.dll
0x00007ffbab7d0000 - 0x00007ffbab7fc000 	C:\WINDOWS\System32\DEVOBJ.dll
0x00007ffbac250000 - 0x00007ffbac29e000 	C:\WINDOWS\System32\cfgmgr32.dll
0x00007ffba0e20000 - 0x00007ffba0fa3000 	C:\WINDOWS\SYSTEM32\AUDIOSES.DLL
0x00007ffbac930000 - 0x00007ffbac9fd000 	C:\WINDOWS\System32\OLEAUT32.dll
0x00007ffba59d0000 - 0x00007ffba59e4000 	C:\WINDOWS\SYSTEM32\resourcepolicyclient.dll
0x00007ffba2bd0000 - 0x00007ffba2c7e000 	C:\WINDOWS\SYSTEM32\mscms.dll
0x00007ffba2970000 - 0x00007ffba2981000 	C:\WINDOWS\SYSTEM32\ColorAdapterClient.dll
0x00007ffb90130000 - 0x00007ffb90173000 	C:\Windows\System32\Windows.Internal.Graphics.Display.DisplayColorManagement.dll
0x00007ffbacdc0000 - 0x00007ffbaced6000 	C:\WINDOWS\System32\MSCTF.dll
0x00007ffb91f10000 - 0x00007ffb9200b000 	C:\WINDOWS\SYSTEM32\textinputframework.dll
0x00007ffba5510000 - 0x00007ffba5602000 	C:\WINDOWS\System32\CoreMessaging.dll
0x00007ffba4c90000 - 0x00007ffba4fee000 	C:\WINDOWS\System32\CoreUIComponents.dll
0x00007ffbaa770000 - 0x00007ffbaa7a3000 	C:\WINDOWS\SYSTEM32\ntmarta.dll
0x00007ffba44f0000 - 0x00007ffba4644000 	C:\WINDOWS\SYSTEM32\wintypes.dll
0x00007ffb9b840000 - 0x00007ffb9b8a6000 	C:\WINDOWS\system32\Oleacc.dll
0x00007ffba16c0000 - 0x00007ffba17bb000 	C:\Windows\System32\AppXDeploymentClient.dll
0x00007ffb5ba20000 - 0x00007ffb5c985000 	C:\WINDOWS\System32\DriverStore\FileRepository\iigd_dch.inf_amd64_d5116a57e81b0c34\ig9icd64.dll
0x00007ffba61a0000 - 0x00007ffba61cf000 	C:\WINDOWS\SYSTEM32\dwmapi.dll
0x00007ffbaa380000 - 0x00007ffbaa473000 	C:\WINDOWS\system32\dxgi.dll
0x00007ffba0ff0000 - 0x00007ffba102b000 	C:\WINDOWS\SYSTEM32\dxcore.dll
0x00007ffb9e930000 - 0x00007ffb9e973000 	C:\WINDOWS\SYSTEM32\icm32.dll
0x00007ffb8e870000 - 0x00007ffb8e9c3000 	C:\WINDOWS\System32\DriverStore\FileRepository\iigd_dch.inf_amd64_d5116a57e81b0c34\igdgmm64.dll
0x00007ffb8b990000 - 0x00007ffb8dd0f000 	C:\WINDOWS\System32\DriverStore\FileRepository\iigd_dch.inf_amd64_d5116a57e81b0c34\igc64.dll

dbghelp: loaded successfully - version: 4.0.5 - missing functions: none
symbol engine: initialized successfully - sym options: 0x614 - pdb path: .;C:\Program Files\Java\jdk-11.0.7\bin;C:\WINDOWS\SYSTEM32;C:\WINDOWS\WinSxS\amd64_microsoft.windows.common-controls_6595b64144ccf1df_6.0.19041.746_none_ca02b4b61b8320a4;C:\Program Files\Java\jdk-11.0.7\bin\server;C:\Users\Thomas Hart\AppData\Local\Temp\libgdxThomas Hart\d6a9e29c;C:\Users\Thomas Hart\AppData\Local\Temp\libgdxThomas Hart\1cecf4f6;C:\Users\THOMAS~1\AppData\Local\Temp\libgdxThomas Hart\1cecf4f6;C:\WINDOWS\System32\DriverStore\FileRepository\iigd_dch.inf_amd64_d5116a57e81b0c34

VM Arguments:
jvm_args: -Dfile.encoding=windows-1252 -Duser.country=CA -Duser.language=en -Duser.variant 
java_command: com.badlogic.gdx.desktop.DesktopLauncher
java_class_path (initial): C:\Users\Thomas Hart\Documents\Mini Golf\desktop\build\classes\java\main;C:\Users\Thomas Hart\Documents\Mini Golf\desktop\build\resources\main;C:\Users\Thomas Hart\.gradle\caches\modules-2\files-2.1\com.badlogicgames.gdx\gdx-backend-lwjgl\1.9.13\ed6e70cf224ad7d8cfa8e1b3f0e97760a8125e90\gdx-backend-lwjgl-1.9.13.jar;C:\Users\Thomas Hart\.gradle\caches\modules-2\files-2.1\com.badlogicgames.gdx\gdx-platform\1.9.13\36e453b8ebdf004e7ebbc8b0b23549316371c82\gdx-platform-1.9.13-natives-desktop.jar;C:\Users\Thomas Hart\.gradle\caches\modules-2\files-2.1\com.badlogicgames.gdx\gdx-box2d-platform\1.9.13\ce1d100ee60a6c5f1f14a15be8f44e5de478bc7b\gdx-box2d-platform-1.9.13-natives-desktop.jar;C:\Users\Thomas Hart\Documents\Mini Golf\core\build\libs\core-1.0.jar;C:\Users\Thomas Hart\.gradle\caches\modules-2\files-2.1\com.badlogicgames.gdx\gdx-box2d\1.9.13\11d01da43038e0b123f7f7187abc762a26e7a7bf\gdx-box2d-1.9.13.jar;C:\Users\Thomas Hart\.gradle\caches\modules-2\files-2.1\com.badlogicgames.gdx\gdx\1.9.13\3a246302e97759c7d171678db765cd5521af0cd9\gdx-1.9.13.jar;C:\Users\Thomas Hart\.gradle\caches\modules-2\files-2.1\org.lwjgl.lwjgl\lwjgl_util\2.9.3\751f06b62424da056954c67288fd5c494431e350\lwjgl_util-2.9.3.jar;C:\Users\Thomas Hart\.gradle\caches\modules-2\files-2.1\org.lwjgl.lwjgl\lwjgl\2.9.3\3df168ac74e4a8c96562cdff24ad352e255bf89c\lwjgl-2.9.3.jar;C:\Users\Thomas Hart\.gradle\caches\modules-2\files-2.1\com.badlogicgames.jlayer\jlayer\1.0.1-gdx\7cca83cec5c1b2f011362f4d85aabd71a73b049d\jlayer-1.0.1-gdx.jar;C:\Users\Thomas Hart\.gradle\caches\modules-2\files-2.1\org.jcraft\jorbis\0.0.17\8872d22b293e8f5d7d56ff92be966e6dc28ebdc6\jorbis-0.0.17.jar;C:\Users\Thomas Hart\.gradle\caches\modules-2\files-2.1\org.lwjgl.lwjgl\lwjgl-platform\2.9.3\fbc2afb3e288578e9942578decb6291a490549a0\lwjgl-platform-2.9.3-natives-windows.jar;C:\Users\Thomas Hart\.gradle\caches\modules-2\files-2.1\org.lwjgl.lwjgl\lwjgl-platform\2.9.3\b1eafe80093381c56415731e1d64279e6140bcd0\lwjgl-platfor
Launcher Type: SUN_STANDARD

[Global flags]
     intx CICompilerCount                          = 4                                         {product} {ergonomic}
     uint ConcGCThreads                            = 2                                         {product} {ergonomic}
     uint G1ConcRefinementThreads                  = 8                                         {product} {ergonomic}
   size_t G1HeapRegionSize                         = 1048576                                   {product} {ergonomic}
    uintx GCDrainStackTargetSize                   = 64                                        {product} {ergonomic}
   size_t InitialHeapSize                          = 132120576                                 {product} {ergonomic}
   size_t MarkStackSize                            = 4194304                                   {product} {ergonomic}
   size_t MaxHeapSize                              = 2099249152                                {product} {ergonomic}
   size_t MaxNewSize                               = 1259339776                                {product} {ergonomic}
   size_t MinHeapDeltaBytes                        = 1048576                                   {product} {ergonomic}
    uintx NonNMethodCodeHeapSize                   = 5836300                                {pd product} {ergonomic}
    uintx NonProfiledCodeHeapSize                  = 122910970                              {pd product} {ergonomic}
    uintx ProfiledCodeHeapSize                     = 122910970                              {pd product} {ergonomic}
    uintx ReservedCodeCacheSize                    = 251658240                              {pd product} {ergonomic}
     bool SegmentedCodeCache                       = true                                      {product} {ergonomic}
     bool UseCompressedClassPointers               = true                                 {lp64_product} {ergonomic}
     bool UseCompressedOops                        = true                                 {lp64_product} {ergonomic}
     bool UseG1GC                                  = true                                      {product} {ergonomic}
     bool UseLargePagesIndividualAllocation        = false                                  {pd product} {ergonomic}

Logging:
Log output configuration:
 #0: stdout all=warning uptime,level,tags
 #1: stderr all=off uptime,level,tags

Environment Variables:
PATH=C:\WINDOWS\system32;C:\WINDOWS;C:\WINDOWS\System32\Wbem;C:\WINDOWS\System32\WindowsPowerShell\v1.0\;C:\WINDOWS\System32\OpenSSH\;C:\Program Files\dotnet\;C:\Program Files\Microsoft SQL Server\130\Tools\Binn\;C:\Users\Thomas Hart\AppData\Local\Programs\Python\Python37-32\Scripts\;C:\Users\Thomas Hart\AppData\Local\Programs\Python\Python37-32\;C:\Users\Thomas Hart\AppData\Local\Microsoft\WindowsApps;
USERNAME=Thomas Hart
OS=Windows_NT
PROCESSOR_IDENTIFIER=Intel64 Family 6 Model 142 Stepping 12, GenuineIntel



---------------  S Y S T E M  ---------------

OS: Windows 10 , 64 bit Build 19041 (10.0.19041.662)

CPU:total 8 (initial active 8) (4 cores per cpu, 2 threads per core) family 6 model 142 stepping 12, cmov, cx8, fxsr, mmx, sse, sse2, sse3, ssse3, sse4.1, sse4.2, popcnt, avx, avx2, aes, clmul, erms, 3dnowpref, lzcnt, ht, tsc, tscinvbit, bmi1, bmi2, adx, fma

Memory: 4k page, system-wide physical 8005M (2401M free)
TotalPageFile size 15941M (AvailPageFile size 7369M)
current process WorkingSet (physical memory assigned to process): 127M, peak: 130M
current process commit charge ("private bytes"): 255M, peak: 259M

vm_info: Java HotSpot(TM) 64-Bit Server VM (11.0.7+8-LTS) for windows-amd64 JRE (11.0.7+8-LTS), built on Mar 12 2020 02:04:32 by "mach5one" with MS VC++ 15.5 (VS2017)

END.
